2024-07-04 07:52:26.487: my pid: 710929
2024-07-04 07:52:26.487: {'cuda': 3, 'num_threads': 1, 'base_model': 'SGC', 'is_transductive': True, 'inductive': 'normal', 'dataset_name': 'cora', 'unlearning_methods': 'GUIM', 'exp': 'attack_unlearning', 'num_epochs': 100, 'test_freq': 1, 'batch_size': 512, 'unlearn_lr': 0.02, 'opt_lr': 0.001, 'opt_decay': 0.0001, 'early_stop': True, 'l2': 1e-05, 'patience': 5, 'metrics': ['F1_score'], 'root_path': './', 'num_unlearned_nodes': 1, 'proportion_unlearned_nodes': 0.1, 'proportion_unlearned_edges': '0.0001', 'proportion_unlearned_edges_num': 0.0001, 'unlearn_task': 'node', 'unlearn_ratio': 0.1, 'num_shards': 10, 'test_batch': 5, 'train_batch': 10, 'GUIDE_methods': 'Fast', 'GUIDE_repair_methods': 'MixUp', 'partition_method': 'lpa', 'opt_num_epochs': 50, 'ratio_deleted_edges': 0, 'aggregator': 'optimal', 'shard_size_delta': 0.005, 'terminate_delta': 0, 'is_prune': False, 'is_partition': True, 'is_constrained': True, 'is_train_target_model': True, 'is_gen_embedding': True, 'num_runs': 1, 'num_opt_samples': 100, 'test_ratio': 0.2, 'test_batch_size': 64, 'use_test_neighbors': True, 'repartition': False, 'checkpoint_dir': './GUIM/data/GNNDelete/checkpoint_node', 'random_seed': 42, 'hidden_dim': 64, 'in_dim': 128, 'out_dim': 64, 'unlearning_model': 'gnndelete_nodeemb', 'df': 'out', 'df_idx': 'none', 'df_size': 0.5, 'alpha': 0.5, 'neg_sample_random': 'non_connected', 'loss_fct': 'mse_mean', 'loss_type': 'both_layerwise', 'feature': False, 'feature_update': True, 'emb_dim': 32, 'max_degree': False, 'damping': 0.0, 'hidden': [], 'approx': 'cg', 'depth': 300, 'GIF_method': 'GIF', 'is_split': True, 'iteration': 5, 'scale': 2000, 'damp': 0.0, 'GNN_layer': 3, 'unlearning_epochs': 50, 'Budget': 0.2}
2024-07-04 07:52:44.370: save_data ./bwfan/GUIM/data/cora.pkl
2024-07-04 07:52:44.564: save_data ./bwfan/GUIM/data/cora_dataset.pkl
2024-07-04 07:52:44.616: save_data ./bwfan/GUIM/data/processed/transductive/cora.pkl
2024-07-04 07:52:45.098: SGCNet(
  (convs): ModuleList(
    (0): Linear(in_features=1433, out_features=64, bias=False)
    (1): Linear(in_features=64, out_features=7, bias=False)
  )
)
2024-07-04 07:52:45.099: unlearning node number:270
2024-07-04 07:52:46.994: epoch:0 loss:1.9435259103775024
2024-07-04 07:52:47.153: epoch: 0  F1_score = 0.4317343173431734  Accuracy = 0.4317343173431734  Recall = 0.4317343173431734
2024-07-04 07:52:47.155: epoch:1 loss:1.3826265335083008
2024-07-04 07:52:47.170: epoch: 1  F1_score = 0.46863468634686345  Accuracy = 0.46863468634686345  Recall = 0.46863468634686345
2024-07-04 07:52:47.180: epoch:2 loss:1.3465495109558105
2024-07-04 07:52:47.208: epoch: 2  F1_score = 0.8653136531365314  Accuracy = 0.8653136531365314  Recall = 0.8653136531365314
2024-07-04 07:52:47.212: epoch:3 loss:0.5922365784645081
2024-07-04 07:52:47.229: epoch: 3  F1_score = 0.8321033210332104  Accuracy = 0.8321033210332104  Recall = 0.8321033210332104
2024-07-04 07:52:47.230: epoch:4 loss:0.46864649653434753
2024-07-04 07:52:47.245: epoch: 4  F1_score = 0.8542435424354243  Accuracy = 0.8542435424354243  Recall = 0.8542435424354243
2024-07-04 07:52:47.246: epoch:5 loss:0.4121871292591095
2024-07-04 07:52:47.261: epoch: 5  F1_score = 0.8708487084870848  Accuracy = 0.8708487084870848  Recall = 0.8708487084870848
2024-07-04 07:52:47.263: epoch:6 loss:0.3228701949119568
2024-07-04 07:52:47.279: epoch: 6  F1_score = 0.8856088560885609  Accuracy = 0.8856088560885609  Recall = 0.8856088560885609
2024-07-04 07:52:47.281: epoch:7 loss:0.30967622995376587
2024-07-04 07:52:47.296: epoch: 7  F1_score = 0.8763837638376384  Accuracy = 0.8763837638376384  Recall = 0.8763837638376384
2024-07-04 07:52:47.298: epoch:8 loss:0.3407067358493805
2024-07-04 07:52:47.313: epoch: 8  F1_score = 0.8782287822878229  Accuracy = 0.8782287822878229  Recall = 0.8782287822878229
2024-07-04 07:52:47.315: epoch:9 loss:0.32688236236572266
2024-07-04 07:52:47.330: epoch: 9  F1_score = 0.8856088560885609  Accuracy = 0.8856088560885609  Recall = 0.8856088560885609
2024-07-04 07:52:47.332: epoch:10 loss:0.2805143892765045
2024-07-04 07:52:47.347: epoch: 10  F1_score = 0.8856088560885609  Accuracy = 0.8856088560885609  Recall = 0.8856088560885609
2024-07-04 07:52:47.348: epoch:11 loss:0.2545824944972992
2024-07-04 07:52:47.364: epoch: 11  F1_score = 0.8856088560885609  Accuracy = 0.8856088560885609  Recall = 0.8856088560885609
2024-07-04 07:52:47.365: epoch:12 loss:0.25655215978622437
2024-07-04 07:52:47.380: epoch: 12  F1_score = 0.8892988929889298  Accuracy = 0.8892988929889298  Recall = 0.8892988929889298
2024-07-04 07:52:47.384: epoch:13 loss:0.25552183389663696
2024-07-04 07:52:47.406: epoch: 13  F1_score = 0.8856088560885609  Accuracy = 0.8856088560885609  Recall = 0.8856088560885609
2024-07-04 07:52:47.417: epoch:14 loss:0.23076514899730682
2024-07-04 07:52:47.445: epoch: 14  F1_score = 0.8874538745387455  Accuracy = 0.8874538745387454  Recall = 0.8874538745387454
2024-07-04 07:52:47.449: epoch:15 loss:0.21027079224586487
2024-07-04 07:52:47.475: epoch: 15  F1_score = 0.8763837638376384  Accuracy = 0.8763837638376384  Recall = 0.8763837638376384
2024-07-04 07:52:47.480: epoch:16 loss:0.2015085071325302
2024-07-04 07:52:47.501: epoch: 16  F1_score = 0.8837638376383764  Accuracy = 0.8837638376383764  Recall = 0.8837638376383764
2024-07-04 07:52:47.511: epoch:17 loss:0.1907998025417328
2024-07-04 07:52:47.530: epoch: 17  F1_score = 0.8929889298892989  Accuracy = 0.8929889298892989  Recall = 0.8929889298892989
2024-07-04 07:52:47.532: epoch:18 loss:0.17898263037204742
2024-07-04 07:52:47.547: epoch: 18  F1_score = 0.8911439114391144  Accuracy = 0.8911439114391144  Recall = 0.8911439114391144
2024-07-04 07:52:47.549: epoch:19 loss:0.1678483486175537
2024-07-04 07:52:47.563: epoch: 19  F1_score = 0.8966789667896679  Accuracy = 0.8966789667896679  Recall = 0.8966789667896679
2024-07-04 07:52:47.565: epoch:20 loss:0.15262602269649506
2024-07-04 07:52:47.580: epoch: 20  F1_score = 0.8911439114391144  Accuracy = 0.8911439114391144  Recall = 0.8911439114391144
2024-07-04 07:52:47.582: epoch:21 loss:0.14399321377277374
2024-07-04 07:52:47.596: epoch: 21  F1_score = 0.8892988929889298  Accuracy = 0.8892988929889298  Recall = 0.8892988929889298
2024-07-04 07:52:47.598: epoch:22 loss:0.14387492835521698
2024-07-04 07:52:47.613: epoch: 22  F1_score = 0.8929889298892989  Accuracy = 0.8929889298892989  Recall = 0.8929889298892989
2024-07-04 07:52:47.614: epoch:23 loss:0.14339402318000793
2024-07-04 07:52:47.629: epoch: 23  F1_score = 0.8911439114391144  Accuracy = 0.8911439114391144  Recall = 0.8911439114391144
2024-07-04 07:52:47.631: epoch:24 loss:0.13094229996204376
2024-07-04 07:52:47.645: epoch: 24  F1_score = 0.8929889298892989  Accuracy = 0.8929889298892989  Recall = 0.8929889298892989
2024-07-04 07:52:47.647: epoch:25 loss:0.12255126237869263
2024-07-04 07:52:47.661: epoch: 25  F1_score = 0.8948339483394835  Accuracy = 0.8948339483394834  Recall = 0.8948339483394834
2024-07-04 07:52:47.668: epoch:26 loss:0.12141496688127518
2024-07-04 07:52:47.695: epoch: 26  F1_score = 0.8948339483394835  Accuracy = 0.8948339483394834  Recall = 0.8948339483394834
2024-07-04 07:52:47.698: epoch:27 loss:0.11674465984106064
2024-07-04 07:52:47.724: epoch: 27  F1_score = 0.8911439114391144  Accuracy = 0.8911439114391144  Recall = 0.8911439114391144
2024-07-04 07:52:47.729: epoch:28 loss:0.10958731919527054
2024-07-04 07:52:47.756: epoch: 28  F1_score = 0.8911439114391144  Accuracy = 0.8911439114391144  Recall = 0.8911439114391144
2024-07-04 07:52:47.760: epoch:29 loss:0.10619638860225677
2024-07-04 07:52:47.776: epoch: 29  F1_score = 0.8874538745387455  Accuracy = 0.8874538745387454  Recall = 0.8874538745387454
2024-07-04 07:52:47.777: epoch:30 loss:0.1029139831662178
2024-07-04 07:52:47.792: epoch: 30  F1_score = 0.8874538745387455  Accuracy = 0.8874538745387454  Recall = 0.8874538745387454
2024-07-04 07:52:47.794: epoch:31 loss:0.0989239439368248
2024-07-04 07:52:47.808: epoch: 31  F1_score = 0.8874538745387455  Accuracy = 0.8874538745387454  Recall = 0.8874538745387454
2024-07-04 07:52:47.810: epoch:32 loss:0.09752701967954636
2024-07-04 07:52:47.824: epoch: 32  F1_score = 0.8874538745387455  Accuracy = 0.8874538745387454  Recall = 0.8874538745387454
2024-07-04 07:52:47.826: epoch:33 loss:0.09493893384933472
2024-07-04 07:52:47.841: epoch: 33  F1_score = 0.8837638376383764  Accuracy = 0.8837638376383764  Recall = 0.8837638376383764
2024-07-04 07:52:47.842: epoch:34 loss:0.08969075977802277
2024-07-04 07:52:47.857: epoch: 34  F1_score = 0.8819188191881918  Accuracy = 0.8819188191881919  Recall = 0.8819188191881919
2024-07-04 07:52:47.858: epoch:35 loss:0.08605872839689255
2024-07-04 07:52:47.873: epoch: 35  F1_score = 0.8837638376383764  Accuracy = 0.8837638376383764  Recall = 0.8837638376383764
2024-07-04 07:52:47.874: epoch:36 loss:0.0839637815952301
2024-07-04 07:52:47.889: epoch: 36  F1_score = 0.8856088560885609  Accuracy = 0.8856088560885609  Recall = 0.8856088560885609
2024-07-04 07:52:47.891: epoch:37 loss:0.08148963004350662
2024-07-04 07:52:47.905: epoch: 37  F1_score = 0.8874538745387455  Accuracy = 0.8874538745387454  Recall = 0.8874538745387454
2024-07-04 07:52:47.907: epoch:38 loss:0.07959090918302536
2024-07-04 07:52:47.921: epoch: 38  F1_score = 0.8874538745387455  Accuracy = 0.8874538745387454  Recall = 0.8874538745387454
2024-07-04 07:52:47.929: epoch:39 loss:0.07799722999334335
2024-07-04 07:52:47.956: epoch: 39  F1_score = 0.8892988929889298  Accuracy = 0.8892988929889298  Recall = 0.8892988929889298
2024-07-04 07:52:47.960: epoch:40 loss:0.07567854225635529
2024-07-04 07:52:47.989: epoch: 40  F1_score = 0.8874538745387455  Accuracy = 0.8874538745387454  Recall = 0.8874538745387454
2024-07-04 07:52:47.992: epoch:41 loss:0.07350951433181763
2024-07-04 07:52:48.007: epoch: 41  F1_score = 0.8874538745387455  Accuracy = 0.8874538745387454  Recall = 0.8874538745387454
2024-07-04 07:52:48.009: epoch:42 loss:0.07150058448314667
2024-07-04 07:52:48.024: epoch: 42  F1_score = 0.8874538745387455  Accuracy = 0.8874538745387454  Recall = 0.8874538745387454
2024-07-04 07:52:48.026: epoch:43 loss:0.06957033276557922
2024-07-04 07:52:48.040: epoch: 43  F1_score = 0.8874538745387455  Accuracy = 0.8874538745387454  Recall = 0.8874538745387454
2024-07-04 07:52:48.042: epoch:44 loss:0.06801300495862961
2024-07-04 07:52:48.057: epoch: 44  F1_score = 0.8892988929889298  Accuracy = 0.8892988929889298  Recall = 0.8892988929889298
2024-07-04 07:52:48.059: epoch:45 loss:0.06631835550069809
2024-07-04 07:52:48.075: epoch: 45  F1_score = 0.8892988929889298  Accuracy = 0.8892988929889298  Recall = 0.8892988929889298
2024-07-04 07:52:48.077: epoch:46 loss:0.06489288806915283
2024-07-04 07:52:48.111: epoch: 46  F1_score = 0.8837638376383764  Accuracy = 0.8837638376383764  Recall = 0.8837638376383764
2024-07-04 07:52:48.112: epoch:47 loss:0.06327038258314133
2024-07-04 07:52:48.135: epoch: 47  F1_score = 0.8782287822878229  Accuracy = 0.8782287822878229  Recall = 0.8782287822878229
2024-07-04 07:52:48.137: epoch:48 loss:0.061602573841810226
2024-07-04 07:52:48.170: epoch: 48  F1_score = 0.8782287822878229  Accuracy = 0.8782287822878229  Recall = 0.8782287822878229
2024-07-04 07:52:48.172: epoch:49 loss:0.06064113229513168
2024-07-04 07:52:48.200: epoch: 49  F1_score = 0.8782287822878229  Accuracy = 0.8782287822878229  Recall = 0.8782287822878229
2024-07-04 07:52:48.201: epoch:50 loss:0.05953965336084366
2024-07-04 07:52:48.214: epoch: 50  F1_score = 0.8800738007380073  Accuracy = 0.8800738007380073  Recall = 0.8800738007380073
2024-07-04 07:52:48.226: epoch:51 loss:0.058167777955532074
2024-07-04 07:52:48.257: epoch: 51  F1_score = 0.8819188191881918  Accuracy = 0.8819188191881919  Recall = 0.8819188191881919
2024-07-04 07:52:48.259: epoch:52 loss:0.05689585581421852
2024-07-04 07:52:48.287: epoch: 52  F1_score = 0.8819188191881918  Accuracy = 0.8819188191881919  Recall = 0.8819188191881919
2024-07-04 07:52:48.288: epoch:53 loss:0.055816058069467545
2024-07-04 07:52:48.321: epoch: 53  F1_score = 0.8837638376383764  Accuracy = 0.8837638376383764  Recall = 0.8837638376383764
2024-07-04 07:52:48.323: epoch:54 loss:0.05483511462807655
2024-07-04 07:52:48.336: epoch: 54  F1_score = 0.8819188191881918  Accuracy = 0.8819188191881919  Recall = 0.8819188191881919
2024-07-04 07:52:48.337: epoch:55 loss:0.053766634315252304
2024-07-04 07:52:48.351: epoch: 55  F1_score = 0.8819188191881918  Accuracy = 0.8819188191881919  Recall = 0.8819188191881919
2024-07-04 07:52:48.352: epoch:56 loss:0.05264456942677498
2024-07-04 07:52:48.365: epoch: 56  F1_score = 0.8856088560885609  Accuracy = 0.8856088560885609  Recall = 0.8856088560885609
2024-07-04 07:52:48.367: epoch:57 loss:0.05157184228301048
2024-07-04 07:52:48.381: epoch: 57  F1_score = 0.8819188191881918  Accuracy = 0.8819188191881919  Recall = 0.8819188191881919
2024-07-04 07:52:48.382: epoch:58 loss:0.05075572058558464
2024-07-04 07:52:48.395: epoch: 58  F1_score = 0.8856088560885609  Accuracy = 0.8856088560885609  Recall = 0.8856088560885609
2024-07-04 07:52:48.397: epoch:59 loss:0.04981832578778267
2024-07-04 07:52:48.410: epoch: 59  F1_score = 0.8856088560885609  Accuracy = 0.8856088560885609  Recall = 0.8856088560885609
2024-07-04 07:52:48.412: epoch:60 loss:0.04894714802503586
2024-07-04 07:52:48.425: epoch: 60  F1_score = 0.8837638376383764  Accuracy = 0.8837638376383764  Recall = 0.8837638376383764
2024-07-04 07:52:48.426: epoch:61 loss:0.048026736825704575
2024-07-04 07:52:48.440: epoch: 61  F1_score = 0.8837638376383764  Accuracy = 0.8837638376383764  Recall = 0.8837638376383764
2024-07-04 07:52:48.441: epoch:62 loss:0.04719434306025505
2024-07-04 07:52:48.455: epoch: 62  F1_score = 0.8837638376383764  Accuracy = 0.8837638376383764  Recall = 0.8837638376383764
2024-07-04 07:52:48.456: epoch:63 loss:0.04646819457411766
2024-07-04 07:52:48.469: epoch: 63  F1_score = 0.8856088560885609  Accuracy = 0.8856088560885609  Recall = 0.8856088560885609
2024-07-04 07:52:48.471: epoch:64 loss:0.04572080075740814
2024-07-04 07:52:48.484: epoch: 64  F1_score = 0.8856088560885609  Accuracy = 0.8856088560885609  Recall = 0.8856088560885609
2024-07-04 07:52:48.486: epoch:65 loss:0.04507031291723251
2024-07-04 07:52:48.499: epoch: 65  F1_score = 0.8856088560885609  Accuracy = 0.8856088560885609  Recall = 0.8856088560885609
2024-07-04 07:52:48.500: epoch:66 loss:0.04423573985695839
2024-07-04 07:52:48.514: epoch: 66  F1_score = 0.8856088560885609  Accuracy = 0.8856088560885609  Recall = 0.8856088560885609
2024-07-04 07:52:48.515: epoch:67 loss:0.04355834797024727
2024-07-04 07:52:48.529: epoch: 67  F1_score = 0.8856088560885609  Accuracy = 0.8856088560885609  Recall = 0.8856088560885609
2024-07-04 07:52:48.530: epoch:68 loss:0.04285334423184395
2024-07-04 07:52:48.543: epoch: 68  F1_score = 0.8874538745387455  Accuracy = 0.8874538745387454  Recall = 0.8874538745387454
2024-07-04 07:52:48.545: epoch:69 loss:0.042240291833877563
2024-07-04 07:52:48.558: epoch: 69  F1_score = 0.8874538745387455  Accuracy = 0.8874538745387454  Recall = 0.8874538745387454
2024-07-04 07:52:48.560: epoch:70 loss:0.04165128991007805
2024-07-04 07:52:48.573: epoch: 70  F1_score = 0.8874538745387455  Accuracy = 0.8874538745387454  Recall = 0.8874538745387454
2024-07-04 07:52:48.575: epoch:71 loss:0.04101062938570976
2024-07-04 07:52:48.588: epoch: 71  F1_score = 0.8874538745387455  Accuracy = 0.8874538745387454  Recall = 0.8874538745387454
2024-07-04 07:52:48.589: epoch:72 loss:0.040422894060611725
2024-07-04 07:52:48.603: epoch: 72  F1_score = 0.8874538745387455  Accuracy = 0.8874538745387454  Recall = 0.8874538745387454
2024-07-04 07:52:48.604: epoch:73 loss:0.03982643410563469
2024-07-04 07:52:48.618: epoch: 73  F1_score = 0.8874538745387455  Accuracy = 0.8874538745387454  Recall = 0.8874538745387454
2024-07-04 07:52:48.620: epoch:74 loss:0.03929655998945236
2024-07-04 07:52:48.633: epoch: 74  F1_score = 0.8856088560885609  Accuracy = 0.8856088560885609  Recall = 0.8856088560885609
2024-07-04 07:52:48.634: epoch:75 loss:0.03875669091939926
2024-07-04 07:52:48.648: epoch: 75  F1_score = 0.8856088560885609  Accuracy = 0.8856088560885609  Recall = 0.8856088560885609
2024-07-04 07:52:48.649: epoch:76 loss:0.03822633996605873
2024-07-04 07:52:48.663: epoch: 76  F1_score = 0.8856088560885609  Accuracy = 0.8856088560885609  Recall = 0.8856088560885609
2024-07-04 07:52:48.665: epoch:77 loss:0.037735771387815475
2024-07-04 07:52:48.678: epoch: 77  F1_score = 0.8856088560885609  Accuracy = 0.8856088560885609  Recall = 0.8856088560885609
2024-07-04 07:52:48.679: epoch:78 loss:0.03726215660572052
2024-07-04 07:52:48.693: epoch: 78  F1_score = 0.8837638376383764  Accuracy = 0.8837638376383764  Recall = 0.8837638376383764
2024-07-04 07:52:48.694: epoch:79 loss:0.03678160160779953
2024-07-04 07:52:48.708: epoch: 79  F1_score = 0.8819188191881918  Accuracy = 0.8819188191881919  Recall = 0.8819188191881919
2024-07-04 07:52:48.710: epoch:80 loss:0.036323875188827515
2024-07-04 07:52:48.723: epoch: 80  F1_score = 0.8819188191881918  Accuracy = 0.8819188191881919  Recall = 0.8819188191881919
2024-07-04 07:52:48.725: epoch:81 loss:0.035863593220710754
2024-07-04 07:52:48.739: epoch: 81  F1_score = 0.8837638376383764  Accuracy = 0.8837638376383764  Recall = 0.8837638376383764
2024-07-04 07:52:48.741: epoch:82 loss:0.03544221445918083
2024-07-04 07:52:48.755: epoch: 82  F1_score = 0.8819188191881918  Accuracy = 0.8819188191881919  Recall = 0.8819188191881919
2024-07-04 07:52:48.756: epoch:83 loss:0.035027388483285904
2024-07-04 07:52:48.769: epoch: 83  F1_score = 0.8800738007380073  Accuracy = 0.8800738007380073  Recall = 0.8800738007380073
2024-07-04 07:52:48.771: epoch:84 loss:0.03461088985204697
2024-07-04 07:52:48.784: epoch: 84  F1_score = 0.8800738007380073  Accuracy = 0.8800738007380073  Recall = 0.8800738007380073
2024-07-04 07:52:48.786: epoch:85 loss:0.03420601412653923
2024-07-04 07:52:48.799: epoch: 85  F1_score = 0.8800738007380073  Accuracy = 0.8800738007380073  Recall = 0.8800738007380073
2024-07-04 07:52:48.800: epoch:86 loss:0.03383100405335426
2024-07-04 07:52:48.817: epoch: 86  F1_score = 0.8800738007380073  Accuracy = 0.8800738007380073  Recall = 0.8800738007380073
2024-07-04 07:52:48.820: epoch:87 loss:0.03345485031604767
2024-07-04 07:52:48.841: epoch: 87  F1_score = 0.8800738007380073  Accuracy = 0.8800738007380073  Recall = 0.8800738007380073
2024-07-04 07:52:48.843: epoch:88 loss:0.03308442234992981
2024-07-04 07:52:48.857: epoch: 88  F1_score = 0.8819188191881918  Accuracy = 0.8819188191881919  Recall = 0.8819188191881919
2024-07-04 07:52:48.858: epoch:89 loss:0.032731518149375916
2024-07-04 07:52:48.872: epoch: 89  F1_score = 0.8819188191881918  Accuracy = 0.8819188191881919  Recall = 0.8819188191881919
2024-07-04 07:52:48.874: epoch:90 loss:0.03238234668970108
2024-07-04 07:52:48.887: epoch: 90  F1_score = 0.8819188191881918  Accuracy = 0.8819188191881919  Recall = 0.8819188191881919
2024-07-04 07:52:48.889: epoch:91 loss:0.03204622492194176
2024-07-04 07:52:48.903: epoch: 91  F1_score = 0.8819188191881918  Accuracy = 0.8819188191881919  Recall = 0.8819188191881919
2024-07-04 07:52:48.905: epoch:92 loss:0.03172215074300766
2024-07-04 07:52:48.918: epoch: 92  F1_score = 0.8819188191881918  Accuracy = 0.8819188191881919  Recall = 0.8819188191881919
2024-07-04 07:52:48.920: epoch:93 loss:0.031398508697748184
2024-07-04 07:52:48.934: epoch: 93  F1_score = 0.8819188191881918  Accuracy = 0.8819188191881919  Recall = 0.8819188191881919
2024-07-04 07:52:48.936: epoch:94 loss:0.03108879365026951
2024-07-04 07:52:48.950: epoch: 94  F1_score = 0.8819188191881918  Accuracy = 0.8819188191881919  Recall = 0.8819188191881919
2024-07-04 07:52:48.951: epoch:95 loss:0.030785398557782173
2024-07-04 07:52:48.965: epoch: 95  F1_score = 0.8819188191881918  Accuracy = 0.8819188191881919  Recall = 0.8819188191881919
2024-07-04 07:52:48.967: epoch:96 loss:0.030493248254060745
2024-07-04 07:52:48.981: epoch: 96  F1_score = 0.8819188191881918  Accuracy = 0.8819188191881919  Recall = 0.8819188191881919
2024-07-04 07:52:48.987: epoch:97 loss:0.030200950801372528
2024-07-04 07:52:49.003: epoch: 97  F1_score = 0.8819188191881918  Accuracy = 0.8819188191881919  Recall = 0.8819188191881919
2024-07-04 07:52:49.004: epoch:98 loss:0.029922492802143097
2024-07-04 07:52:49.019: epoch: 98  F1_score = 0.8819188191881918  Accuracy = 0.8819188191881919  Recall = 0.8819188191881919
2024-07-04 07:52:49.021: epoch:99 loss:0.029644716531038284
2024-07-04 07:52:49.036: epoch: 99  F1_score = 0.8819188191881918  Accuracy = 0.8819188191881919  Recall = 0.8819188191881919
2024-07-04 07:52:49.036: saving best model ./bwfan/GUIM/data/model/node_level/cora/SGC
2024-07-04 07:52:49.038: best:0.8966789667896679
2024-07-04 07:52:49.038: loading model ./bwfan/GUIM/data/model/node_level/cora/SGC
2024-07-04 07:52:49.074: Original Model Unlearning : F1_score = 0.9518518518518518  Accuracy = 0.9518518518518518  Recall = 0.9518518518518518
2024-07-04 07:52:49.894: epoch: 0  F1_score = 0.8966789667896679  Accuracy = 0.8966789667896679  Recall = 0.8966789667896679
2024-07-04 07:52:50.080: loss_w: 0.0  loss_hE: 2.791375160217285 loss_pE: -6.574908950618408e-10 loss_pU: 2.4607744216918945 
2024-07-04 07:52:50.081: epoch:0 loss:5.25214958190918
2024-07-04 07:52:50.320: epoch: 1  F1_score = 0.8228782287822878  Accuracy = 0.8228782287822878  Recall = 0.8228782287822878
2024-07-04 07:52:50.375: loss_w: 16.187530517578125  loss_hE: 2.1498959064483643 loss_pE: 0.6366284489631653 loss_pU: 2.521479606628418 
2024-07-04 07:52:50.376: epoch:1 loss:21.495534896850586
2024-07-04 07:52:50.412: epoch: 2  F1_score = 0.8708487084870848  Accuracy = 0.8708487084870848  Recall = 0.8708487084870848
2024-07-04 07:52:50.474: loss_w: 6.225478649139404  loss_hE: 2.1605355739593506 loss_pE: 0.05494042858481407 loss_pU: 2.469027519226074 
2024-07-04 07:52:50.474: epoch:2 loss:10.909982681274414
2024-07-04 07:52:50.505: epoch: 3  F1_score = 0.8800738007380073  Accuracy = 0.8800738007380073  Recall = 0.8800738007380073
2024-07-04 07:52:50.567: loss_w: 8.38477611541748  loss_hE: 2.8212966918945312 loss_pE: 0.1477835476398468 loss_pU: 2.516146183013916 
2024-07-04 07:52:50.568: epoch:3 loss:13.870002746582031
2024-07-04 07:52:50.603: epoch: 4  F1_score = 0.8874538745387455  Accuracy = 0.8874538745387454  Recall = 0.8874538745387454
2024-07-04 07:52:50.672: loss_w: 10.465753555297852  loss_hE: 3.303725481033325 loss_pE: 0.04205628111958504 loss_pU: 2.5523228645324707 
2024-07-04 07:52:50.672: epoch:4 loss:16.36385726928711
2024-07-04 07:52:50.702: epoch: 5  F1_score = 0.8874538745387455  Accuracy = 0.8874538745387454  Recall = 0.8874538745387454
2024-07-04 07:52:50.764: loss_w: 7.599763870239258  loss_hE: 3.043398380279541 loss_pE: 0.03832528367638588 loss_pU: 2.5155746936798096 
2024-07-04 07:52:50.764: epoch:5 loss:13.197062492370605
2024-07-04 07:52:50.795: epoch: 6  F1_score = 0.8837638376383764  Accuracy = 0.8837638376383764  Recall = 0.8837638376383764
2024-07-04 07:52:50.859: loss_w: 2.7775843143463135  loss_hE: 2.526305675506592 loss_pE: 0.023290622979402542 loss_pU: 2.4654672145843506 
2024-07-04 07:52:50.859: epoch:6 loss:7.792647361755371
2024-07-04 07:52:50.889: epoch: 7  F1_score = 0.8782287822878229  Accuracy = 0.8782287822878229  Recall = 0.8782287822878229
2024-07-04 07:52:50.970: loss_w: 6.0297465324401855  loss_hE: 2.252798318862915 loss_pE: 0.03936334326863289 loss_pU: 2.4603757858276367 
2024-07-04 07:52:50.975: epoch:7 loss:10.782283782958984
2024-07-04 07:52:51.011: epoch: 8  F1_score = 0.8726937269372693  Accuracy = 0.8726937269372693  Recall = 0.8726937269372693
2024-07-04 07:52:51.065: loss_w: 8.447260856628418  loss_hE: 2.1957030296325684 loss_pE: 0.0783136785030365 loss_pU: 2.4762871265411377 
2024-07-04 07:52:51.065: epoch:8 loss:13.197565078735352
2024-07-04 07:52:51.096: epoch: 9  F1_score = 0.8819188191881918  Accuracy = 0.8819188191881919  Recall = 0.8819188191881919
2024-07-04 07:52:51.167: loss_w: 7.985911846160889  loss_hE: 2.19743013381958 loss_pE: 0.061449889093637466 loss_pU: 2.476010799407959 
2024-07-04 07:52:51.167: epoch:9 loss:12.720802307128906
2024-07-04 07:52:51.198: epoch: 10  F1_score = 0.8892988929889298  Accuracy = 0.8892988929889298  Recall = 0.8892988929889298
2024-07-04 07:52:51.268: loss_w: 5.44704532623291  loss_hE: 2.2599399089813232 loss_pE: 0.025837114080786705 loss_pU: 2.4656152725219727 
2024-07-04 07:52:51.275: epoch:10 loss:10.198437690734863
2024-07-04 07:52:51.307: epoch: 11  F1_score = 0.8929889298892989  Accuracy = 0.8929889298892989  Recall = 0.8929889298892989
2024-07-04 07:52:51.391: loss_w: 2.714510679244995  loss_hE: 2.4629874229431152 loss_pE: 0.008238444104790688 loss_pU: 2.4668869972229004 
2024-07-04 07:52:51.391: epoch:11 loss:7.652623653411865
2024-07-04 07:52:51.405: epoch: 12  F1_score = 0.8929889298892989  Accuracy = 0.8929889298892989  Recall = 0.8929889298892989
2024-07-04 07:52:51.481: loss_w: 4.14192008972168  loss_hE: 2.8293371200561523 loss_pE: 0.006704853381961584 loss_pU: 2.4826455116271973 
2024-07-04 07:52:51.481: epoch:12 loss:9.460607528686523
2024-07-04 07:52:51.512: epoch: 13  F1_score = 0.8911439114391144  Accuracy = 0.8911439114391144  Recall = 0.8911439114391144
2024-07-04 07:52:51.587: loss_w: 4.867067813873291  loss_hE: 3.027188539505005 loss_pE: 0.010771111585199833 loss_pU: 2.485184907913208 
2024-07-04 07:52:51.587: epoch:13 loss:10.390213012695312
2024-07-04 07:52:51.606: epoch: 14  F1_score = 0.8948339483394835  Accuracy = 0.8948339483394834  Recall = 0.8948339483394834
2024-07-04 07:52:51.675: loss_w: 3.8217263221740723  loss_hE: 2.917837381362915 loss_pE: 0.012145210057497025 loss_pU: 2.4646236896514893 
2024-07-04 07:52:51.675: epoch:14 loss:9.21633243560791
2024-07-04 07:52:51.690: epoch: 15  F1_score = 0.8800738007380073  Accuracy = 0.8800738007380073  Recall = 0.8800738007380073
2024-07-04 07:52:51.722: loss_w: 2.6494367122650146  loss_hE: 2.637972593307495 loss_pE: 0.007559321820735931 loss_pU: 2.4407989978790283 
2024-07-04 07:52:51.722: epoch:15 loss:7.735767364501953
2024-07-04 07:52:51.737: epoch: 16  F1_score = 0.8800738007380073  Accuracy = 0.8800738007380073  Recall = 0.8800738007380073
2024-07-04 07:52:51.769: loss_w: 3.4741313457489014  loss_hE: 2.4407591819763184 loss_pE: 0.020098410546779633 loss_pU: 2.4453511238098145 
2024-07-04 07:52:51.769: epoch:16 loss:8.380340576171875
2024-07-04 07:52:51.784: epoch: 17  F1_score = 0.8837638376383764  Accuracy = 0.8837638376383764  Recall = 0.8837638376383764
2024-07-04 07:52:51.818: loss_w: 3.8695757389068604  loss_hE: 2.373157024383545 loss_pE: 0.028004376217722893 loss_pU: 2.4631423950195312 
2024-07-04 07:52:51.819: epoch:17 loss:8.733879089355469
2024-07-04 07:52:51.835: epoch: 18  F1_score = 0.8892988929889298  Accuracy = 0.8892988929889298  Recall = 0.8892988929889298
2024-07-04 07:52:51.869: loss_w: 3.2773537635803223  loss_hE: 2.395203113555908 loss_pE: 0.014078067615628242 loss_pU: 2.4746782779693604 
2024-07-04 07:52:51.869: epoch:18 loss:8.161314010620117
2024-07-04 07:52:51.885: epoch: 19  F1_score = 0.8929889298892989  Accuracy = 0.8929889298892989  Recall = 0.8929889298892989
2024-07-04 07:52:51.918: loss_w: 2.6033852100372314  loss_hE: 2.5019145011901855 loss_pE: 0.005280673503875732 loss_pU: 2.4761953353881836 
2024-07-04 07:52:51.919: epoch:19 loss:7.586775779724121
2024-07-04 07:52:51.934: epoch: 20  F1_score = 0.8911439114391144  Accuracy = 0.8911439114391144  Recall = 0.8911439114391144
2024-07-04 07:52:51.968: loss_w: 2.6180708408355713  loss_hE: 2.66195011138916 loss_pE: 0.0059213400818407536 loss_pU: 2.4691169261932373 
2024-07-04 07:52:51.968: epoch:20 loss:7.755059242248535
2024-07-04 07:52:51.984: epoch: 21  F1_score = 0.8911439114391144  Accuracy = 0.8911439114391144  Recall = 0.8911439114391144
2024-07-04 07:52:52.018: loss_w: 2.377145528793335  loss_hE: 2.7550880908966064 loss_pE: 0.008468102663755417 loss_pU: 2.4561638832092285 
2024-07-04 07:52:52.018: epoch:21 loss:7.596865653991699
2024-07-04 07:52:52.034: epoch: 22  F1_score = 0.8929889298892989  Accuracy = 0.8929889298892989  Recall = 0.8929889298892989
2024-07-04 07:52:52.067: loss_w: 2.0187366008758545  loss_hE: 2.718179941177368 loss_pE: 0.0048037245869636536 loss_pU: 2.4442410469055176 
2024-07-04 07:52:52.067: epoch:22 loss:7.185961723327637
2024-07-04 07:52:52.083: epoch: 23  F1_score = 0.8856088560885609  Accuracy = 0.8856088560885609  Recall = 0.8856088560885609
2024-07-04 07:52:52.116: loss_w: 2.158874273300171  loss_hE: 2.628255844116211 loss_pE: 0.0034450541716068983 loss_pU: 2.4473280906677246 
2024-07-04 07:52:52.117: epoch:23 loss:7.237903594970703
2024-07-04 07:52:52.133: epoch: 24  F1_score = 0.8911439114391144  Accuracy = 0.8911439114391144  Recall = 0.8911439114391144
2024-07-04 07:52:52.167: loss_w: 2.148879051208496  loss_hE: 2.5717077255249023 loss_pE: 0.010035937651991844 loss_pU: 2.4594130516052246 
2024-07-04 07:52:52.167: epoch:24 loss:7.190035820007324
2024-07-04 07:52:52.183: epoch: 25  F1_score = 0.8892988929889298  Accuracy = 0.8892988929889298  Recall = 0.8892988929889298
2024-07-04 07:52:52.216: loss_w: 1.9500236511230469  loss_hE: 2.5728280544281006 loss_pE: 0.0066926125437021255 loss_pU: 2.4663333892822266 
2024-07-04 07:52:52.217: epoch:25 loss:6.995878219604492
2024-07-04 07:52:52.233: epoch: 26  F1_score = 0.8911439114391144  Accuracy = 0.8911439114391144  Recall = 0.8911439114391144
2024-07-04 07:52:52.266: loss_w: 1.803005337715149  loss_hE: 2.622257947921753 loss_pE: 0.0008747533429414034 loss_pU: 2.463390350341797 
2024-07-04 07:52:52.266: epoch:26 loss:6.889528751373291
2024-07-04 07:52:52.283: epoch: 27  F1_score = 0.8966789667896679  Accuracy = 0.8966789667896679  Recall = 0.8966789667896679
2024-07-04 07:52:52.316: loss_w: 1.6261121034622192  loss_hE: 2.667473077774048 loss_pE: 0.002632665215060115 loss_pU: 2.456106185913086 
2024-07-04 07:52:52.317: epoch:27 loss:6.752323627471924
2024-07-04 07:52:52.333: epoch: 28  F1_score = 0.8966789667896679  Accuracy = 0.8966789667896679  Recall = 0.8966789667896679
2024-07-04 07:52:52.366: loss_w: 1.5776164531707764  loss_hE: 2.67202091217041 loss_pE: 0.0028169851284474134 loss_pU: 2.452518939971924 
2024-07-04 07:52:52.367: epoch:28 loss:6.704973220825195
2024-07-04 07:52:52.383: epoch: 29  F1_score = 0.8966789667896679  Accuracy = 0.8966789667896679  Recall = 0.8966789667896679
2024-07-04 07:52:52.416: loss_w: 1.5030704736709595  loss_hE: 2.657233476638794 loss_pE: 0.00150114088319242 loss_pU: 2.455644369125366 
2024-07-04 07:52:52.416: epoch:29 loss:6.6174492835998535
2024-07-04 07:52:52.432: epoch: 30  F1_score = 0.8892988929889298  Accuracy = 0.8892988929889298  Recall = 0.8892988929889298
2024-07-04 07:52:52.465: loss_w: 1.406001091003418  loss_hE: 2.654130697250366 loss_pE: 0.0014871775638312101 loss_pU: 2.4594340324401855 
2024-07-04 07:52:52.466: epoch:30 loss:6.521052837371826
2024-07-04 07:52:52.481: epoch: 31  F1_score = 0.8892988929889298  Accuracy = 0.8892988929889298  Recall = 0.8892988929889298
2024-07-04 07:52:52.514: loss_w: 1.330021858215332  loss_hE: 2.666994571685791 loss_pE: 0.0013898652978241444 loss_pU: 2.4586410522460938 
2024-07-04 07:52:52.515: epoch:31 loss:6.457047462463379
2024-07-04 07:52:52.530: Unlearning: F1_score = 0.9518518518518518  Accuracy = 0.9518518518518518  Recall = 0.9518518518518518
2024-07-04 07:52:52.544: epoch: 32  F1_score = 0.8948339483394835  Accuracy = 0.8948339483394834  Recall = 0.8948339483394834
2024-07-04 07:52:52.577: loss_w: 1.2437407970428467  loss_hE: 2.680499792098999 loss_pE: 0.0006617885082960129 loss_pU: 2.456345558166504 
2024-07-04 07:52:52.578: epoch:32 loss:6.3812479972839355
2024-07-04 07:52:52.593: Unlearning: F1_score = 0.9592592592592593  Accuracy = 0.9592592592592593  Recall = 0.9592592592592593
2024-07-04 07:52:52.607: epoch: 33  F1_score = 0.8966789667896679  Accuracy = 0.8966789667896679  Recall = 0.8966789667896679
2024-07-04 07:52:52.641: loss_w: 1.1813099384307861  loss_hE: 2.684767484664917 loss_pE: 0.0006081922329030931 loss_pU: 2.457181692123413 
2024-07-04 07:52:52.641: epoch:33 loss:6.323867321014404
2024-07-04 07:52:52.657: Unlearning: F1_score = 0.9592592592592593  Accuracy = 0.9592592592592593  Recall = 0.9592592592592593
2024-07-04 07:52:52.681: epoch: 34  F1_score = 0.8966789667896679  Accuracy = 0.8966789667896679  Recall = 0.8966789667896679
2024-07-04 07:52:52.750: loss_w: 1.118483066558838  loss_hE: 2.6858410835266113 loss_pE: 0.000842641806229949 loss_pU: 2.4589667320251465 
2024-07-04 07:52:52.750: epoch:34 loss:6.264133453369141
2024-07-04 07:52:52.776: epoch: 35  F1_score = 0.8966789667896679  Accuracy = 0.8966789667896679  Recall = 0.8966789667896679
2024-07-04 07:52:52.837: loss_w: 1.0553730726242065  loss_hE: 2.6902873516082764 loss_pE: 0.0005362899973988533 loss_pU: 2.4585633277893066 
2024-07-04 07:52:52.838: epoch:35 loss:6.20475959777832
2024-07-04 07:52:52.869: epoch: 36  F1_score = 0.8948339483394835  Accuracy = 0.8948339483394834  Recall = 0.8948339483394834
2024-07-04 07:52:52.945: loss_w: 1.0121777057647705  loss_hE: 2.695988416671753 loss_pE: 0.0007218467653729022 loss_pU: 2.4579455852508545 
2024-07-04 07:52:52.945: epoch:36 loss:6.166833400726318
2024-07-04 07:52:52.981: epoch: 37  F1_score = 0.8911439114391144  Accuracy = 0.8911439114391144  Recall = 0.8911439114391144
2024-07-04 07:52:53.041: loss_w: 0.954225480556488  loss_hE: 2.6999969482421875 loss_pE: 0.0007006773957982659 loss_pU: 2.4581334590911865 
2024-07-04 07:52:53.041: epoch:37 loss:6.113056659698486
2024-07-04 07:52:53.067: epoch: 38  F1_score = 0.8966789667896679  Accuracy = 0.8966789667896679  Recall = 0.8966789667896679
2024-07-04 07:52:53.135: loss_w: 0.9154796004295349  loss_hE: 2.7034213542938232 loss_pE: 0.0002995678223669529 loss_pU: 2.4578678607940674 
2024-07-04 07:52:53.136: epoch:38 loss:6.077068328857422
2024-07-04 07:52:53.169: epoch: 39  F1_score = 0.8966789667896679  Accuracy = 0.8966789667896679  Recall = 0.8966789667896679
2024-07-04 07:52:53.230: loss_w: 0.880672037601471  loss_hE: 2.702842950820923 loss_pE: 0.000724244921002537 loss_pU: 2.4575300216674805 
2024-07-04 07:52:53.230: epoch:39 loss:6.041769027709961
2024-07-04 07:52:53.245: epoch: 40  F1_score = 0.8966789667896679  Accuracy = 0.8966789667896679  Recall = 0.8966789667896679
2024-07-04 07:52:53.278: loss_w: 0.8392982482910156  loss_hE: 2.702935218811035 loss_pE: 0.0003368638572283089 loss_pU: 2.459026575088501 
2024-07-04 07:52:53.279: epoch:40 loss:6.001596450805664
2024-07-04 07:52:53.294: epoch: 41  F1_score = 0.8948339483394835  Accuracy = 0.8948339483394834  Recall = 0.8948339483394834
2024-07-04 07:52:53.327: loss_w: 0.8083037734031677  loss_hE: 2.7102105617523193 loss_pE: 0.00045278435572981834 loss_pU: 2.459214210510254 
2024-07-04 07:52:53.327: epoch:41 loss:5.9781813621521
2024-07-04 07:52:53.342: epoch: 42  F1_score = 0.8948339483394835  Accuracy = 0.8948339483394834  Recall = 0.8948339483394834
2024-07-04 07:52:53.374: loss_w: 0.774144172668457  loss_hE: 2.7184393405914307 loss_pE: 0.0004230408521834761 loss_pU: 2.458453416824341 
2024-07-04 07:52:53.374: epoch:42 loss:5.951459884643555
2024-07-04 07:52:53.388: epoch: 43  F1_score = 0.8966789667896679  Accuracy = 0.8966789667896679  Recall = 0.8966789667896679
2024-07-04 07:52:53.420: loss_w: 0.7474947571754456  loss_hE: 2.7218563556671143 loss_pE: 0.00020837502961512655 loss_pU: 2.458500623703003 
2024-07-04 07:52:53.421: epoch:43 loss:5.928060054779053
2024-07-04 07:52:53.436: epoch: 44  F1_score = 0.8966789667896679  Accuracy = 0.8966789667896679  Recall = 0.8966789667896679
2024-07-04 07:52:53.468: loss_w: 0.7383324503898621  loss_hE: 2.7188568115234375 loss_pE: 0.0002676450239960104 loss_pU: 2.458280086517334 
2024-07-04 07:52:53.468: epoch:44 loss:5.915737152099609
2024-07-04 07:52:53.483: epoch: 45  F1_score = 0.8966789667896679  Accuracy = 0.8966789667896679  Recall = 0.8966789667896679
2024-07-04 07:52:53.515: loss_w: 0.7180942296981812  loss_hE: 2.7148592472076416 loss_pE: 0.0002825456322170794 loss_pU: 2.458772659301758 
2024-07-04 07:52:53.516: epoch:45 loss:5.892008304595947
2024-07-04 07:52:53.530: epoch: 46  F1_score = 0.8966789667896679  Accuracy = 0.8966789667896679  Recall = 0.8966789667896679
2024-07-04 07:52:53.563: loss_w: 0.6911157369613647  loss_hE: 2.7171404361724854 loss_pE: 0.00023513214546255767 loss_pU: 2.459115505218506 
2024-07-04 07:52:53.563: epoch:46 loss:5.867607116699219
2024-07-04 07:52:53.577: epoch: 47  F1_score = 0.8948339483394835  Accuracy = 0.8948339483394834  Recall = 0.8948339483394834
2024-07-04 07:52:53.611: loss_w: 0.6862540245056152  loss_hE: 2.72385311126709 loss_pE: 0.00016939143824856728 loss_pU: 2.458956003189087 
2024-07-04 07:52:53.611: epoch:47 loss:5.869232177734375
2024-07-04 07:52:53.626: epoch: 48  F1_score = 0.8966789667896679  Accuracy = 0.8966789667896679  Recall = 0.8966789667896679
2024-07-04 07:52:53.658: loss_w: 0.6659587621688843  loss_hE: 2.7256340980529785 loss_pE: 0.00019130436703562737 loss_pU: 2.458315372467041 
2024-07-04 07:52:53.659: epoch:48 loss:5.850099563598633
2024-07-04 07:52:53.673: epoch: 49  F1_score = 0.8966789667896679  Accuracy = 0.8966789667896679  Recall = 0.8966789667896679
2024-07-04 07:52:53.705: loss_w: 0.6639222502708435  loss_hE: 2.7248189449310303 loss_pE: 0.00021010873024351895 loss_pU: 2.4589309692382812 
2024-07-04 07:52:53.706: epoch:49 loss:5.847882270812988
2024-07-04 07:52:53.719: para1:1   para2:0.005   para3:1   para4:0.5   para5:10
2024-07-04 07:52:53.719: best: 0.8966789667896679
2024-07-04 07:52:53.720: saving best model ./bwfan/GUIM/data/model/node_level/cora/SGC_unlearning_best.pt
2024-07-04 07:52:53.734: Original Model Unlearning : F1_score = 0.9555555555555556  Accuracy = 0.9555555555555556  Recall = 0.9555555555555556
2024-07-04 07:52:53.734: activating_time : 0.31215763092041016s
2024-07-04 07:52:53.734: sampling_time : 0.4519195556640625s
2024-07-04 07:52:53.734: training_time : 0.056858611106872556s
2024-07-04 07:52:53.734: loading model ./bwfan/GUIM/data/model/node_level/cora/SGC_unlearning_best.pt
2024-07-04 07:52:53.791: auc:0.5363031550068588
2024-07-04 07:52:53.854: Budget: 541
