2024-07-04 13:54:32.688: my pid: 1924288
2024-07-04 13:54:32.689: {'cuda': 3, 'num_threads': 1, 'base_model': 'SGC', 'is_transductive': True, 'inductive': 'normal', 'dataset_name': 'cora', 'unlearning_methods': 'GUIM', 'exp': 'attack_unlearning', 'num_epochs': 100, 'test_freq': 1, 'batch_size': 512, 'unlearn_lr': 0.02, 'opt_lr': 0.001, 'opt_decay': 0.0001, 'early_stop': True, 'l2': 1e-05, 'patience': 5, 'metrics': ['F1_score'], 'root_path': './', 'num_unlearned_nodes': 1, 'proportion_unlearned_nodes': 0.1, 'proportion_unlearned_edges': '0.0001', 'proportion_unlearned_edges_num': 0.0001, 'unlearn_task': 'node', 'unlearn_ratio': 0.1, 'num_shards': 10, 'test_batch': 5, 'train_batch': 10, 'GUIDE_methods': 'Fast', 'GUIDE_repair_methods': 'MixUp', 'partition_method': 'lpa', 'opt_num_epochs': 50, 'ratio_deleted_edges': 0, 'aggregator': 'optimal', 'shard_size_delta': 0.005, 'terminate_delta': 0, 'is_prune': False, 'is_partition': True, 'is_constrained': True, 'is_train_target_model': True, 'is_gen_embedding': True, 'num_runs': 1, 'num_opt_samples': 100, 'test_ratio': 0.2, 'test_batch_size': 64, 'use_test_neighbors': True, 'repartition': False, 'checkpoint_dir': './GUIM/data/GNNDelete/checkpoint_node', 'random_seed': 42, 'hidden_dim': 64, 'in_dim': 128, 'out_dim': 64, 'unlearning_model': 'gnndelete_nodeemb', 'df': 'out', 'df_idx': 'none', 'df_size': 0.5, 'alpha': 0.5, 'neg_sample_random': 'non_connected', 'loss_fct': 'mse_mean', 'loss_type': 'both_layerwise', 'feature': False, 'feature_update': True, 'emb_dim': 32, 'max_degree': False, 'damping': 0.0, 'hidden': [], 'approx': 'cg', 'depth': 300, 'GIF_method': 'GIF', 'is_split': True, 'iteration': 5, 'scale': 10000, 'damp': 0.0, 'GNN_layer': 3, 'unlearning_epochs': 50, 'Budget': 0.2}
2024-07-04 13:54:32.807: load_saved_data ./bwfan/GUIM/data/cora.pkl
2024-07-04 13:54:32.880: load_saved_data ./bwfan/GUIM/data/cora_dataset.pkl
2024-07-04 13:54:32.899: Data already saved! ./bwfan/GUIM/data/cora.pkl
2024-07-04 13:54:33.121: SGCNet(
  (convs): ModuleList(
    (0): Linear(in_features=1433, out_features=64, bias=False)
    (1): Linear(in_features=64, out_features=7, bias=False)
  )
)
2024-07-04 13:54:33.121: unlearning node number:270
2024-07-04 13:54:33.229: loading model ./bwfan/GUIM/data/model/node_level/cora/SGC
2024-07-04 13:54:33.317: Original Model Unlearning : F1_score = 0.9481481481481482  Accuracy = 0.9481481481481482  Recall = 0.9481481481481482
2024-07-04 13:54:33.618: epoch: 0  F1_score = 0.8966789667896679  Accuracy = 0.8966789667896679  Recall = 0.8966789667896679
2024-07-04 13:54:33.682: loss_w: 0.0  loss_hE: 3.026902914047241 loss_pE: -1.0989522625237669e-09 loss_pU: 2.4170422554016113 
2024-07-04 13:54:33.682: epoch:0 loss:5.443944931030273
2024-07-04 13:54:33.801: epoch: 1  F1_score = 0.8542435424354243  Accuracy = 0.8542435424354243  Recall = 0.8542435424354243
2024-07-04 13:54:33.837: loss_w: 16.188186645507812  loss_hE: 2.394479274749756 loss_pE: 0.40544527769088745 loss_pU: 2.488616466522217 
2024-07-04 13:54:33.837: epoch:1 loss:21.476726531982422
2024-07-04 13:54:33.851: epoch: 2  F1_score = 0.8708487084870848  Accuracy = 0.8708487084870848  Recall = 0.8708487084870848
2024-07-04 13:54:33.886: loss_w: 6.308146953582764  loss_hE: 2.375655174255371 loss_pE: 0.12897896766662598 loss_pU: 2.4201791286468506 
2024-07-04 13:54:33.886: epoch:2 loss:11.23296070098877
2024-07-04 13:54:33.898: epoch: 3  F1_score = 0.8671586715867159  Accuracy = 0.8671586715867159  Recall = 0.8671586715867159
2024-07-04 13:54:33.935: loss_w: 8.527299880981445  loss_hE: 3.0511324405670166 loss_pE: 0.08151216804981232 loss_pU: 2.4702017307281494 
2024-07-04 13:54:33.935: epoch:3 loss:14.130146026611328
2024-07-04 13:54:33.947: epoch: 4  F1_score = 0.8597785977859779  Accuracy = 0.8597785977859779  Recall = 0.8597785977859779
2024-07-04 13:54:33.984: loss_w: 10.565407752990723  loss_hE: 3.4567108154296875 loss_pE: 0.14963586628437042 loss_pU: 2.508326530456543 
2024-07-04 13:54:33.984: epoch:4 loss:16.68008041381836
2024-07-04 13:54:33.995: epoch: 5  F1_score = 0.8690036900369004  Accuracy = 0.8690036900369004  Recall = 0.8690036900369004
2024-07-04 13:54:34.029: loss_w: 7.652710914611816  loss_hE: 3.230377197265625 loss_pE: 0.09272290021181107 loss_pU: 2.4729056358337402 
2024-07-04 13:54:34.029: epoch:5 loss:13.44871711730957
2024-07-04 13:54:34.040: epoch: 6  F1_score = 0.8782287822878229  Accuracy = 0.8782287822878229  Recall = 0.8782287822878229
2024-07-04 13:54:34.073: loss_w: 2.727691888809204  loss_hE: 2.7751824855804443 loss_pE: 0.03587675094604492 loss_pU: 2.423400640487671 
2024-07-04 13:54:34.074: epoch:6 loss:7.962151527404785
2024-07-04 13:54:34.084: epoch: 7  F1_score = 0.8874538745387455  Accuracy = 0.8874538745387454  Recall = 0.8874538745387454
2024-07-04 13:54:34.117: loss_w: 6.148590087890625  loss_hE: 2.5116639137268066 loss_pE: 0.025255488231778145 loss_pU: 2.415529727935791 
2024-07-04 13:54:34.118: epoch:7 loss:11.10103988647461
2024-07-04 13:54:34.128: epoch: 8  F1_score = 0.8856088560885609  Accuracy = 0.8856088560885609  Recall = 0.8856088560885609
2024-07-04 13:54:34.161: loss_w: 8.649466514587402  loss_hE: 2.4401309490203857 loss_pE: 0.06357680261135101 loss_pU: 2.4254493713378906 
2024-07-04 13:54:34.161: epoch:8 loss:13.57862377166748
2024-07-04 13:54:34.172: epoch: 9  F1_score = 0.8800738007380073  Accuracy = 0.8800738007380073  Recall = 0.8800738007380073
2024-07-04 13:54:34.204: loss_w: 8.207403182983398  loss_hE: 2.430802345275879 loss_pE: 0.11283151060342789 loss_pU: 2.4247913360595703 
2024-07-04 13:54:34.204: epoch:9 loss:13.175827980041504
2024-07-04 13:54:34.214: epoch: 10  F1_score = 0.8837638376383764  Accuracy = 0.8837638376383764  Recall = 0.8837638376383764
2024-07-04 13:54:34.246: loss_w: 5.56630277633667  loss_hE: 2.493319511413574 loss_pE: 0.08207807689905167 loss_pU: 2.4193270206451416 
2024-07-04 13:54:34.247: epoch:10 loss:10.561027526855469
2024-07-04 13:54:34.257: epoch: 11  F1_score = 0.8874538745387455  Accuracy = 0.8874538745387454  Recall = 0.8874538745387454
2024-07-04 13:54:34.289: loss_w: 2.5321969985961914  loss_hE: 2.6948907375335693 loss_pE: 0.01970004104077816 loss_pU: 2.4244699478149414 
2024-07-04 13:54:34.289: epoch:11 loss:7.671257972717285
2024-07-04 13:54:34.299: epoch: 12  F1_score = 0.8856088560885609  Accuracy = 0.8856088560885609  Recall = 0.8856088560885609
2024-07-04 13:54:34.331: loss_w: 4.160274982452393  loss_hE: 3.068290948867798 loss_pE: 0.008472384884953499 loss_pU: 2.440631628036499 
2024-07-04 13:54:34.332: epoch:12 loss:9.677669525146484
2024-07-04 13:54:34.342: epoch: 13  F1_score = 0.8874538745387455  Accuracy = 0.8874538745387454  Recall = 0.8874538745387454
2024-07-04 13:54:34.375: loss_w: 5.088827610015869  loss_hE: 3.276862621307373 loss_pE: 0.03927381709218025 loss_pU: 2.4448390007019043 
2024-07-04 13:54:34.375: epoch:13 loss:10.84980297088623
2024-07-04 13:54:34.386: epoch: 14  F1_score = 0.8819188191881918  Accuracy = 0.8819188191881919  Recall = 0.8819188191881919
2024-07-04 13:54:34.420: loss_w: 4.096262454986572  loss_hE: 3.1951043605804443 loss_pE: 0.03895600512623787 loss_pU: 2.425530433654785 
2024-07-04 13:54:34.420: epoch:14 loss:9.755853652954102
2024-07-04 13:54:34.430: epoch: 15  F1_score = 0.8874538745387455  Accuracy = 0.8874538745387454  Recall = 0.8874538745387454
2024-07-04 13:54:34.462: loss_w: 2.571432590484619  loss_hE: 2.9340062141418457 loss_pE: 0.015297038480639458 loss_pU: 2.401003360748291 
2024-07-04 13:54:34.462: epoch:15 loss:7.921739101409912
2024-07-04 13:54:34.473: epoch: 16  F1_score = 0.8856088560885609  Accuracy = 0.8856088560885609  Recall = 0.8856088560885609
2024-07-04 13:54:34.508: loss_w: 3.3475427627563477  loss_hE: 2.7195680141448975 loss_pE: 0.009102092124521732 loss_pU: 2.4025259017944336 
2024-07-04 13:54:34.508: epoch:16 loss:8.478738784790039
2024-07-04 13:54:34.520: epoch: 17  F1_score = 0.8874538745387455  Accuracy = 0.8874538745387454  Recall = 0.8874538745387454
2024-07-04 13:54:34.557: loss_w: 4.007369518280029  loss_hE: 2.6285455226898193 loss_pE: 0.020551078021526337 loss_pU: 2.4204788208007812 
2024-07-04 13:54:34.557: epoch:17 loss:9.076945304870605
2024-07-04 13:54:34.569: epoch: 18  F1_score = 0.8911439114391144  Accuracy = 0.8911439114391144  Recall = 0.8911439114391144
2024-07-04 13:54:34.606: loss_w: 3.5701541900634766  loss_hE: 2.623983383178711 loss_pE: 0.02165759913623333 loss_pU: 2.43595290184021 
2024-07-04 13:54:34.606: epoch:18 loss:8.651748657226562
2024-07-04 13:54:34.618: epoch: 19  F1_score = 0.8874538745387455  Accuracy = 0.8874538745387454  Recall = 0.8874538745387454
2024-07-04 13:54:34.654: loss_w: 2.768792152404785  loss_hE: 2.6983866691589355 loss_pE: 0.008855104446411133 loss_pU: 2.4402661323547363 
2024-07-04 13:54:34.654: epoch:19 loss:7.916299819946289
2024-07-04 13:54:34.666: epoch: 20  F1_score = 0.8892988929889298  Accuracy = 0.8892988929889298  Recall = 0.8892988929889298
2024-07-04 13:54:34.702: loss_w: 2.6651504039764404  loss_hE: 2.8391733169555664 loss_pE: 0.0035335635766386986 loss_pU: 2.4323039054870605 
2024-07-04 13:54:34.702: epoch:20 loss:7.940161228179932
2024-07-04 13:54:34.713: epoch: 21  F1_score = 0.8892988929889298  Accuracy = 0.8892988929889298  Recall = 0.8892988929889298
2024-07-04 13:54:34.749: loss_w: 2.5405995845794678  loss_hE: 2.9559056758880615 loss_pE: 0.010728735476732254 loss_pU: 2.4177961349487305 
2024-07-04 13:54:34.750: epoch:21 loss:7.925030708312988
2024-07-04 13:54:34.761: epoch: 22  F1_score = 0.8856088560885609  Accuracy = 0.8856088560885609  Recall = 0.8856088560885609
2024-07-04 13:54:34.796: loss_w: 2.120657205581665  loss_hE: 2.9706640243530273 loss_pE: 0.010526463389396667 loss_pU: 2.4030799865722656 
2024-07-04 13:54:34.796: epoch:22 loss:7.504927635192871
2024-07-04 13:54:34.807: epoch: 23  F1_score = 0.8892988929889298  Accuracy = 0.8892988929889298  Recall = 0.8892988929889298
2024-07-04 13:54:34.842: loss_w: 2.16141414642334  loss_hE: 2.904606342315674 loss_pE: 0.0029421423096209764 loss_pU: 2.400608539581299 
2024-07-04 13:54:34.842: epoch:23 loss:7.469571113586426
2024-07-04 13:54:34.853: epoch: 24  F1_score = 0.8948339483394835  Accuracy = 0.8948339483394834  Recall = 0.8948339483394834
2024-07-04 13:54:34.888: loss_w: 2.211973190307617  loss_hE: 2.8423256874084473 loss_pE: 0.0034005367197096348 loss_pU: 2.4112091064453125 
2024-07-04 13:54:34.889: epoch:24 loss:7.468908309936523
2024-07-04 13:54:34.900: epoch: 25  F1_score = 0.8985239852398524  Accuracy = 0.8985239852398524  Recall = 0.8985239852398524
2024-07-04 13:54:34.935: loss_w: 2.010953903198242  loss_hE: 2.82030987739563 loss_pE: 0.004993727896362543 loss_pU: 2.422868013381958 
2024-07-04 13:54:34.935: epoch:25 loss:7.259125709533691
2024-07-04 13:54:34.946: epoch: 26  F1_score = 0.8929889298892989  Accuracy = 0.8929889298892989  Recall = 0.8929889298892989
2024-07-04 13:54:34.982: loss_w: 1.890810489654541  loss_hE: 2.8412020206451416 loss_pE: 0.0016670580953359604 loss_pU: 2.425354480743408 
2024-07-04 13:54:34.983: epoch:26 loss:7.159034252166748
2024-07-04 13:54:34.994: epoch: 27  F1_score = 0.8911439114391144  Accuracy = 0.8911439114391144  Recall = 0.8911439114391144
2024-07-04 13:54:35.029: loss_w: 1.7353615760803223  loss_hE: 2.8757755756378174 loss_pE: 0.0014516859082505107 loss_pU: 2.4195587635040283 
2024-07-04 13:54:35.029: epoch:27 loss:7.032147407531738
2024-07-04 13:54:35.040: epoch: 28  F1_score = 0.8856088560885609  Accuracy = 0.8856088560885609  Recall = 0.8856088560885609
2024-07-04 13:54:35.073: loss_w: 1.6167885065078735  loss_hE: 2.8959290981292725 loss_pE: 0.0034061435144394636 loss_pU: 2.413511276245117 
2024-07-04 13:54:35.073: epoch:28 loss:6.929635047912598
2024-07-04 13:54:35.084: epoch: 29  F1_score = 0.8856088560885609  Accuracy = 0.8856088560885609  Recall = 0.8856088560885609
2024-07-04 13:54:35.117: loss_w: 1.5646220445632935  loss_hE: 2.901665687561035 loss_pE: 0.0021998623851686716 loss_pU: 2.4129345417022705 
2024-07-04 13:54:35.117: epoch:29 loss:6.88142204284668
2024-07-04 13:54:35.127: epoch: 30  F1_score = 0.8966789667896679  Accuracy = 0.8966789667896679  Recall = 0.8966789667896679
2024-07-04 13:54:35.164: loss_w: 1.4434585571289062  loss_hE: 2.907909393310547 loss_pE: 0.0009415539680048823 loss_pU: 2.4148378372192383 
2024-07-04 13:54:35.164: epoch:30 loss:6.767147064208984
2024-07-04 13:54:35.182: epoch: 31  F1_score = 0.8985239852398524  Accuracy = 0.8985239852398524  Recall = 0.8985239852398524
2024-07-04 13:54:35.216: loss_w: 1.354786992073059  loss_hE: 2.9186110496520996 loss_pE: 0.0006054893019609153 loss_pU: 2.4144487380981445 
2024-07-04 13:54:35.216: epoch:31 loss:6.688452243804932
2024-07-04 13:54:35.233: Unlearning: F1_score = 0.9481481481481482  Accuracy = 0.9481481481481482  Recall = 0.9481481481481482
2024-07-04 13:54:35.242: epoch: 32  F1_score = 0.8966789667896679  Accuracy = 0.8966789667896679  Recall = 0.8966789667896679
2024-07-04 13:54:35.266: loss_w: 1.279083251953125  loss_hE: 2.9221110343933105 loss_pE: 0.00023957877419888973 loss_pU: 2.413465738296509 
2024-07-04 13:54:35.266: epoch:32 loss:6.614899635314941
2024-07-04 13:54:35.278: epoch: 33  F1_score = 0.8948339483394835  Accuracy = 0.8948339483394834  Recall = 0.8948339483394834
2024-07-04 13:54:35.301: loss_w: 1.2340790033340454  loss_hE: 2.918264627456665 loss_pE: 0.0006834368105046451 loss_pU: 2.415707588195801 
2024-07-04 13:54:35.301: epoch:33 loss:6.568734169006348
2024-07-04 13:54:35.314: epoch: 34  F1_score = 0.8929889298892989  Accuracy = 0.8929889298892989  Recall = 0.8929889298892989
2024-07-04 13:54:35.336: loss_w: 1.1524462699890137  loss_hE: 2.9173836708068848 loss_pE: 0.0011738151079043746 loss_pU: 2.4182815551757812 
2024-07-04 13:54:35.336: epoch:34 loss:6.489285469055176
2024-07-04 13:54:35.349: epoch: 35  F1_score = 0.8966789667896679  Accuracy = 0.8966789667896679  Recall = 0.8966789667896679
2024-07-04 13:54:35.372: loss_w: 1.0917558670043945  loss_hE: 2.92522931098938 loss_pE: 0.0010315312538295984 loss_pU: 2.4171862602233887 
2024-07-04 13:54:35.372: epoch:35 loss:6.4352030754089355
2024-07-04 13:54:35.385: epoch: 36  F1_score = 0.8948339483394835  Accuracy = 0.8948339483394834  Recall = 0.8948339483394834
2024-07-04 13:54:35.407: loss_w: 1.0364494323730469  loss_hE: 2.9341442584991455 loss_pE: 0.00037198796053417027 loss_pU: 2.414884090423584 
2024-07-04 13:54:35.407: epoch:36 loss:6.385849952697754
2024-07-04 13:54:35.419: epoch: 37  F1_score = 0.8948339483394835  Accuracy = 0.8948339483394834  Recall = 0.8948339483394834
2024-07-04 13:54:35.440: loss_w: 0.9846591949462891  loss_hE: 2.9399092197418213 loss_pE: 0.00015084256301634014 loss_pU: 2.4150936603546143 
2024-07-04 13:54:35.440: epoch:37 loss:6.339812755584717
2024-07-04 13:54:35.452: epoch: 38  F1_score = 0.8948339483394835  Accuracy = 0.8948339483394834  Recall = 0.8948339483394834
2024-07-04 13:54:35.474: loss_w: 0.9311089515686035  loss_hE: 2.94353985786438 loss_pE: 0.00023349918774329126 loss_pU: 2.4155631065368652 
2024-07-04 13:54:35.474: epoch:38 loss:6.290445804595947
2024-07-04 13:54:35.486: epoch: 39  F1_score = 0.8948339483394835  Accuracy = 0.8948339483394834  Recall = 0.8948339483394834
2024-07-04 13:54:35.508: loss_w: 0.8919942378997803  loss_hE: 2.9445292949676514 loss_pE: 0.0004845965013373643 loss_pU: 2.415205478668213 
2024-07-04 13:54:35.508: epoch:39 loss:6.252213478088379
2024-07-04 13:54:35.520: epoch: 40  F1_score = 0.8966789667896679  Accuracy = 0.8966789667896679  Recall = 0.8966789667896679
2024-07-04 13:54:35.541: loss_w: 0.864125669002533  loss_hE: 2.9439589977264404 loss_pE: 0.0006457422277890146 loss_pU: 2.4159107208251953 
2024-07-04 13:54:35.541: epoch:40 loss:6.2246413230896
2024-07-04 13:54:35.553: epoch: 41  F1_score = 0.8966789667896679  Accuracy = 0.8966789667896679  Recall = 0.8966789667896679
2024-07-04 13:54:35.575: loss_w: 0.818828284740448  loss_hE: 2.9466893672943115 loss_pE: 0.00025157848722301424 loss_pU: 2.4165878295898438 
2024-07-04 13:54:35.575: epoch:41 loss:6.182357311248779
2024-07-04 13:54:35.587: epoch: 42  F1_score = 0.8948339483394835  Accuracy = 0.8948339483394834  Recall = 0.8948339483394834
2024-07-04 13:54:35.609: loss_w: 0.7958555221557617  loss_hE: 2.953465700149536 loss_pE: 0.00027653458528220654 loss_pU: 2.4162843227386475 
2024-07-04 13:54:35.609: epoch:42 loss:6.165882110595703
2024-07-04 13:54:35.621: epoch: 43  F1_score = 0.8948339483394835  Accuracy = 0.8948339483394834  Recall = 0.8948339483394834
2024-07-04 13:54:35.645: loss_w: 0.7592920660972595  loss_hE: 2.959210157394409 loss_pE: 0.0002010034368140623 loss_pU: 2.4161643981933594 
2024-07-04 13:54:35.645: epoch:43 loss:6.1348676681518555
2024-07-04 13:54:35.658: epoch: 44  F1_score = 0.8948339483394835  Accuracy = 0.8948339483394834  Recall = 0.8948339483394834
2024-07-04 13:54:35.680: loss_w: 0.7389547228813171  loss_hE: 2.9610655307769775 loss_pE: 0.00023111552582122386 loss_pU: 2.4155187606811523 
2024-07-04 13:54:35.680: epoch:44 loss:6.115769863128662
2024-07-04 13:54:35.690: epoch: 45  F1_score = 0.8948339483394835  Accuracy = 0.8948339483394834  Recall = 0.8948339483394834
2024-07-04 13:54:35.712: loss_w: 0.7305362820625305  loss_hE: 2.9582536220550537 loss_pE: 0.0002090453344862908 loss_pU: 2.4155168533325195 
2024-07-04 13:54:35.712: epoch:45 loss:6.10451602935791
2024-07-04 13:54:35.721: epoch: 46  F1_score = 0.8948339483394835  Accuracy = 0.8948339483394834  Recall = 0.8948339483394834
2024-07-04 13:54:35.743: loss_w: 0.7001994848251343  loss_hE: 2.955772638320923 loss_pE: 0.0003281312820035964 loss_pU: 2.416269540786743 
2024-07-04 13:54:35.743: epoch:46 loss:6.072569847106934
2024-07-04 13:54:35.755: epoch: 47  F1_score = 0.8948339483394835  Accuracy = 0.8948339483394834  Recall = 0.8948339483394834
2024-07-04 13:54:35.780: loss_w: 0.6924301385879517  loss_hE: 2.9596617221832275 loss_pE: 0.0002900943218264729 loss_pU: 2.4165334701538086 
2024-07-04 13:54:35.780: epoch:47 loss:6.068915367126465
2024-07-04 13:54:35.791: epoch: 48  F1_score = 0.8948339483394835  Accuracy = 0.8948339483394834  Recall = 0.8948339483394834
2024-07-04 13:54:35.815: loss_w: 0.6761341094970703  loss_hE: 2.9639012813568115 loss_pE: 0.00017354924057144672 loss_pU: 2.416149139404297 
2024-07-04 13:54:35.815: epoch:48 loss:6.056358337402344
2024-07-04 13:54:35.827: epoch: 49  F1_score = 0.8948339483394835  Accuracy = 0.8948339483394834  Recall = 0.8948339483394834
2024-07-04 13:54:35.851: loss_w: 0.6580696105957031  loss_hE: 2.9649322032928467 loss_pE: 0.00017261606990359724 loss_pU: 2.415959358215332 
2024-07-04 13:54:35.851: epoch:49 loss:6.0391340255737305
2024-07-04 13:54:35.860: para1:1   para2:0.005   para3:1   para4:0.5   para5:10
2024-07-04 13:54:35.860: best: 0.8985239852398524
2024-07-04 13:54:35.861: saving best model ./bwfan/GUIM/data/model/node_level/cora/SGC_unlearning_best.pt
2024-07-04 13:54:35.871: Original Model Unlearning : F1_score = 0.9481481481481482  Accuracy = 0.9481481481481482  Recall = 0.9481481481481482
2024-07-04 13:54:35.871: activating_time : 0.060832977294921875s
2024-07-04 13:54:35.871: sampling_time : 0.21921133995056152s
2024-07-04 13:54:35.871: training_time : 0.03572027206420898s
2024-07-04 13:54:35.871: loading model ./bwfan/GUIM/data/model/node_level/cora/SGC_unlearning_best.pt
2024-07-04 13:54:35.886: auc:0.49353909465020573
2024-07-04 13:54:35.909: Budget: 541
